Using pre-set license
Built from '2020.3/release' branch; Version is '2020.3.12f1 (b3b2c6512326) revision 11776710'; Using compiler version '192528614'; Build Type 'Release'
OS: 'Windows 10 Home; OS build 19043.1348; Version 2009; 64bit' Language: 'uk' Physical Memory: 16319 MB
BatchMode: 1, IsHumanControllingUs: 0, StartBugReporterOnCrash: 0, Is64bit: 1, IsPro: 0

 COMMAND LINE ARGUMENTS:
D:\Unity\Editors\2020.3.12f1\Editor\Unity.exe
-adb2
-batchMode
-noUpm
-name
AssetImportWorker0
-projectPath
D:/Unity/My projects/Elevator
-logFile
Logs/AssetImportWorker0.log
-srvPort
64345
Successfully changed project path to: D:/Unity/My projects/Elevator
D:/Unity/My projects/Elevator
Using Asset Import Pipeline V2.
Refreshing native plugins compatible for Editor in 37.39 ms, found 2 plugins.
Preloading 0 native plugins for Editor in 0.00 ms.
Initialize engine version: 2020.3.12f1 (b3b2c6512326)
[Subsystems] Discovering subsystems at path D:/Unity/Editors/2020.3.12f1/Editor/Data/Resources/UnitySubsystems
[Subsystems] Discovering subsystems at path D:/Unity/My projects/Elevator/Assets
GfxDevice: creating device client; threaded=0
Direct3D:
    Version:  Direct3D 11.0 [level 11.1]
    Renderer: NVIDIA GeForce GTX 1060 (ID=0x1c60)
    Vendor:   
    VRAM:     6052 MB
    Driver:   30.0.14.7212
Initialize mono
Mono path[0] = 'D:/Unity/Editors/2020.3.12f1/Editor/Data/Managed'
Mono path[1] = 'D:/Unity/Editors/2020.3.12f1/Editor/Data/MonoBleedingEdge/lib/mono/unityjit'
Mono config path = 'D:/Unity/Editors/2020.3.12f1/Editor/Data/MonoBleedingEdge/etc'
Using monoOptions --debugger-agent=transport=dt_socket,embedding=1,server=y,suspend=n,address=127.0.0.1:56312
Begin MonoManager ReloadAssembly
Registering precompiled unity dll's ...
Register platform support module: D:/Unity/Editors/2020.3.12f1/Editor/Data/PlaybackEngines/WindowsStandaloneSupport/UnityEditor.WindowsStandalone.Extensions.dll
Registered in 0.001643 seconds.
Native extension for WindowsStandalone target not found
Refreshing native plugins compatible for Editor in 30.92 ms, found 2 plugins.
Preloading 0 native plugins for Editor in 0.00 ms.
Mono: successfully reloaded assembly
- Completed reload, in  2.461 seconds
Platform modules already initialized, skipping
Registering precompiled user dll's ...
Registered in 0.004332 seconds.
Begin MonoManager ReloadAssembly
Native extension for WindowsStandalone target not found
Refreshing native plugins compatible for Editor in 0.29 ms, found 2 plugins.
Preloading 0 native plugins for Editor in 0.00 ms.
Mono: successfully reloaded assembly
- Completed reload, in  1.119 seconds
Platform modules already initialized, skipping
========================================================================
Worker process is ready to serve import requests
Launched and connected shader compiler UnityShaderCompiler.exe after 0.10 seconds
Refreshing native plugins compatible for Editor in 0.29 ms, found 2 plugins.
Preloading 0 native plugins for Editor in 0.00 ms.
Unloading 1386 Unused Serialized files (Serialized files now loaded: 0)
System memory in use before: 64.6 MB.
System memory in use after: 64.7 MB.

Unloading 19 unused Assets to reduce memory usage. Loaded Objects now: 1819.
Total: 2.401200 ms (FindLiveObjects: 0.154500 ms CreateObjectMapping: 0.042900 ms MarkObjects: 2.069600 ms  DeleteObjects: 0.133000 ms)

AssetImportParameters requested are different than current active one (requested -> active):
  custom:framework-win-MediaFoundation: 216162199b28c13a410421893ffa2e32 -> 
  custom:video-decoder-ogg-theora: a1e56fd34408186e4bbccfd4996cb3dc -> 
  custom:container-muxer-webm: aa71ff27fc2769a1b78a27578f13a17b -> 
  custom:container-demuxer-webm: 4f35f7cbe854078d1ac9338744f61a02 -> 
  custom:container-demuxer-ogg: 62fdf1f143b41e24485cea50d1cbac27 -> 
  custom:video-encoder-webm-vp8: eb34c28f22e8b96e1ab97ce403110664 -> 
  custom:video-codec-MediaFoundation-h265: 746d11721c4dcdbdad8f713fa42b33f4 -> 
  custom:video-decoder-webm-vp8: 9c59270c3fd7afecdb556c50c9e8de78 -> 
  custom:audio-decoder-ogg-vorbis: bf7c407c2cedff20999df2af8eb42d56 -> 
  custom:audio-encoder-webm-vorbis: bf7c407c2cedff20999df2af8eb42d56 -> 
========================================================================
Received Import Request.
  path: Assets/Scenes
  artifactKey: Guid(8f13f48ded93c4e4bb31f9fcb0210ccc) Importer(815301076,1909f56bfc062723c751e8b465ee728b)
Start importing Assets/Scenes using Guid(8f13f48ded93c4e4bb31f9fcb0210ccc) Importer(815301076,1909f56bfc062723c751e8b465ee728b)  -> (artifact id: '214f58fc18eea3f8189e777dc6958008') in 0.030778 seconds 
  Import took 0.033483 seconds .

========================================================================
Received Import Request.
  Time since last request: 0.000332 seconds.
  path: Assets/Scenes/SampleScene.unity
  artifactKey: Guid(9fc0d4010bbf28b4594072e72b8655ab) Importer(815301076,1909f56bfc062723c751e8b465ee728b)
Start importing Assets/Scenes/SampleScene.unity using Guid(9fc0d4010bbf28b4594072e72b8655ab) Importer(815301076,1909f56bfc062723c751e8b465ee728b)  -> (artifact id: '85059f4f9e1a832ed95adaa0d25c5c4c') in 0.018733 seconds 
  Import took 0.021471 seconds .

========================================================================
Received Import Request.
  Time since last request: 9.644485 seconds.
  path: Assets/Scenes/Test Scene.unity
  artifactKey: Guid(9fc0d4010bbf28b4594072e72b8655ab) Importer(815301076,1909f56bfc062723c751e8b465ee728b)
Start importing Assets/Scenes/Test Scene.unity using Guid(9fc0d4010bbf28b4594072e72b8655ab) Importer(815301076,1909f56bfc062723c751e8b465ee728b)  -> (artifact id: '7081418fc64627cc5662ab2a6eb04bc0') in 0.011466 seconds 
  Import took 0.014132 seconds .

========================================================================
Received Import Request.
  Time since last request: 0.000751 seconds.
  path: Assets/Scenes/Test Scene.unity
  artifactKey: Guid(9fc0d4010bbf28b4594072e72b8655ab) Importer(815301076,1909f56bfc062723c751e8b465ee728b)
Start importing Assets/Scenes/Test Scene.unity using Guid(9fc0d4010bbf28b4594072e72b8655ab) Importer(815301076,1909f56bfc062723c751e8b465ee728b)  -> (artifact id: '7081418fc64627cc5662ab2a6eb04bc0') in 0.004736 seconds 
  Import took 0.008109 seconds .

========================================================================
Received Import Request.
  Time since last request: 8.010377 seconds.
  path: Assets/Scenes/TestScene.unity
  artifactKey: Guid(9fc0d4010bbf28b4594072e72b8655ab) Importer(815301076,1909f56bfc062723c751e8b465ee728b)
Start importing Assets/Scenes/TestScene.unity using Guid(9fc0d4010bbf28b4594072e72b8655ab) Importer(815301076,1909f56bfc062723c751e8b465ee728b)  -> (artifact id: '7413b4377e59d6f4dee44f718c0cd3b4') in 0.008250 seconds 
  Import took 0.011158 seconds .

========================================================================
Received Import Request.
  Time since last request: 16.694184 seconds.
  path: Assets/Prefabs
  artifactKey: Guid(5a4b1dfefb6595e4f8bb959c4d74a39e) Importer(815301076,1909f56bfc062723c751e8b465ee728b)
Start importing Assets/Prefabs using Guid(5a4b1dfefb6595e4f8bb959c4d74a39e) Importer(815301076,1909f56bfc062723c751e8b465ee728b)  -> (artifact id: 'edcc72c2d39871ec8de6c2c651c2fdc5') in 0.008791 seconds 
  Import took 0.011624 seconds .

========================================================================
Received Import Request.
  Time since last request: 29.518624 seconds.
  path: Assets/Asset Store
  artifactKey: Guid(5b27945245d3d0a4fa50d45106449b71) Importer(815301076,1909f56bfc062723c751e8b465ee728b)
Start importing Assets/Asset Store using Guid(5b27945245d3d0a4fa50d45106449b71) Importer(815301076,1909f56bfc062723c751e8b465ee728b)  -> (artifact id: '0536ac1275f5d8a9b0f3fd6fbfe133c5') in 0.008017 seconds 
  Import took 0.010719 seconds .

========================================================================
Received Import Request.
  Time since last request: 6.624189 seconds.
  path: Assets/Animation
  artifactKey: Guid(15891b7b77528a44baf62c19fd50668d) Importer(815301076,1909f56bfc062723c751e8b465ee728b)
Start importing Assets/Animation using Guid(15891b7b77528a44baf62c19fd50668d) Importer(815301076,1909f56bfc062723c751e8b465ee728b)  -> (artifact id: '5585e68471d790cc61721cf01f7f8c9e') in 0.008742 seconds 
  Import took 0.011704 seconds .

========================================================================
Received Import Request.
  Time since last request: 11.720115 seconds.
  path: Assets/_Scripts
  artifactKey: Guid(d917eb0ad347d4c4ea27c40ac6cd1923) Importer(815301076,1909f56bfc062723c751e8b465ee728b)
Start importing Assets/_Scripts using Guid(d917eb0ad347d4c4ea27c40ac6cd1923) Importer(815301076,1909f56bfc062723c751e8b465ee728b)  -> (artifact id: '8b48243f535faee18902b78552a4eafd') in 0.007610 seconds 
  Import took 0.010522 seconds .

========================================================================
Received Import Request.
  Time since last request: 19.275492 seconds.
  path: Assets/Audio
  artifactKey: Guid(a707284f2b15f034eb459bdae9ac5845) Importer(815301076,1909f56bfc062723c751e8b465ee728b)
Start importing Assets/Audio using Guid(a707284f2b15f034eb459bdae9ac5845) Importer(815301076,1909f56bfc062723c751e8b465ee728b)  -> (artifact id: '3d0d2be5d2b2b97f9dde0bc66fdab496') in 0.008296 seconds 
  Import took 0.010779 seconds .

========================================================================
Received Import Request.
  Time since last request: 0.001276 seconds.
  path: Assets/Audio
  artifactKey: Guid(a707284f2b15f034eb459bdae9ac5845) Importer(815301076,1909f56bfc062723c751e8b465ee728b)
Start importing Assets/Audio using Guid(a707284f2b15f034eb459bdae9ac5845) Importer(815301076,1909f56bfc062723c751e8b465ee728b)  -> (artifact id: '3d0d2be5d2b2b97f9dde0bc66fdab496') in 0.003674 seconds 
  Import took 0.006441 seconds .

========================================================================
Received Import Request.
  Time since last request: 14.957652 seconds.
  path: Assets/Animations
  artifactKey: Guid(15891b7b77528a44baf62c19fd50668d) Importer(815301076,1909f56bfc062723c751e8b465ee728b)
Start importing Assets/Animations using Guid(15891b7b77528a44baf62c19fd50668d) Importer(815301076,1909f56bfc062723c751e8b465ee728b)  -> (artifact id: 'b000f70cf8561cc4f7532c1ef661f914') in 0.008144 seconds 
  Import took 0.011025 seconds .

========================================================================
Received Import Request.
  Time since last request: 8.235058 seconds.
  path: Assets/_Prefabs
  artifactKey: Guid(5a4b1dfefb6595e4f8bb959c4d74a39e) Importer(815301076,1909f56bfc062723c751e8b465ee728b)
Start importing Assets/_Prefabs using Guid(5a4b1dfefb6595e4f8bb959c4d74a39e) Importer(815301076,1909f56bfc062723c751e8b465ee728b)  -> (artifact id: 'cf278ed322e749a5544e9aadb6aa96f0') in 0.008723 seconds 
  Import took 0.012004 seconds .

========================================================================
Received Import Request.
  Time since last request: 3.093874 seconds.
  path: Assets/_Prefab
  artifactKey: Guid(5a4b1dfefb6595e4f8bb959c4d74a39e) Importer(815301076,1909f56bfc062723c751e8b465ee728b)
Start importing Assets/_Prefab using Guid(5a4b1dfefb6595e4f8bb959c4d74a39e) Importer(815301076,1909f56bfc062723c751e8b465ee728b)  -> (artifact id: '6643b7e61717fa32b28e722bc3f8c268') in 0.007765 seconds 
  Import took 0.010788 seconds .

========================================================================
Received Import Request.
  Time since last request: 4.123068 seconds.
  path: Assets/_Script
  artifactKey: Guid(d917eb0ad347d4c4ea27c40ac6cd1923) Importer(815301076,1909f56bfc062723c751e8b465ee728b)
Start importing Assets/_Script using Guid(d917eb0ad347d4c4ea27c40ac6cd1923) Importer(815301076,1909f56bfc062723c751e8b465ee728b)  -> (artifact id: '3866572d4ab2c5b638349383b7778d94') in 0.007342 seconds 
  Import took 0.009914 seconds .

========================================================================
Received Prepare
Registering precompiled user dll's ...
Registered in 0.003781 seconds.
Begin MonoManager ReloadAssembly
Native extension for WindowsStandalone target not found
Refreshing native plugins compatible for Editor in 0.30 ms, found 2 plugins.
Preloading 0 native plugins for Editor in 0.00 ms.
Mono: successfully reloaded assembly
- Completed reload, in  1.100 seconds
Platform modules already initialized, skipping
Refreshing native plugins compatible for Editor in 0.31 ms, found 2 plugins.
Preloading 0 native plugins for Editor in 0.00 ms.
Unloading 1395 Unused Serialized files (Serialized files now loaded: 0)
System memory in use before: 66.6 MB.
System memory in use after: 66.0 MB.

Unloading 27 unused Assets to reduce memory usage. Loaded Objects now: 1823.
Total: 2.380300 ms (FindLiveObjects: 0.146300 ms CreateObjectMapping: 0.039900 ms MarkObjects: 1.792600 ms  DeleteObjects: 0.400700 ms)

AssetImportParameters requested are different than current active one (requested -> active):
  custom:framework-win-MediaFoundation: 216162199b28c13a410421893ffa2e32 -> 
  custom:video-decoder-ogg-theora: a1e56fd34408186e4bbccfd4996cb3dc -> 
  custom:container-muxer-webm: aa71ff27fc2769a1b78a27578f13a17b -> 
  custom:container-demuxer-webm: 4f35f7cbe854078d1ac9338744f61a02 -> 
  custom:container-demuxer-ogg: 62fdf1f143b41e24485cea50d1cbac27 -> 
  custom:video-encoder-webm-vp8: eb34c28f22e8b96e1ab97ce403110664 -> 
  custom:video-codec-MediaFoundation-h265: 746d11721c4dcdbdad8f713fa42b33f4 -> 
  custom:video-decoder-webm-vp8: 9c59270c3fd7afecdb556c50c9e8de78 -> 
  custom:audio-decoder-ogg-vorbis: bf7c407c2cedff20999df2af8eb42d56 -> 
  custom:audio-encoder-webm-vorbis: bf7c407c2cedff20999df2af8eb42d56 -> 
========================================================================
Received Prepare
Registering precompiled user dll's ...
Registered in 0.003750 seconds.
Begin MonoManager ReloadAssembly
Native extension for WindowsStandalone target not found
Refreshing native plugins compatible for Editor in 0.37 ms, found 2 plugins.
Preloading 0 native plugins for Editor in 0.00 ms.
Mono: successfully reloaded assembly
- Completed reload, in  1.136 seconds
Platform modules already initialized, skipping
Refreshing native plugins compatible for Editor in 0.31 ms, found 2 plugins.
Preloading 0 native plugins for Editor in 0.00 ms.
Unloading 1400 Unused Serialized files (Serialized files now loaded: 0)
System memory in use before: 66.7 MB.
System memory in use after: 66.2 MB.

Unloading 27 unused Assets to reduce memory usage. Loaded Objects now: 1830.
Total: 2.505800 ms (FindLiveObjects: 0.151700 ms CreateObjectMapping: 0.041800 ms MarkObjects: 1.909500 ms  DeleteObjects: 0.401900 ms)

AssetImportParameters requested are different than current active one (requested -> active):
  custom:framework-win-MediaFoundation: 216162199b28c13a410421893ffa2e32 -> 
  custom:video-decoder-ogg-theora: a1e56fd34408186e4bbccfd4996cb3dc -> 
  custom:container-muxer-webm: aa71ff27fc2769a1b78a27578f13a17b -> 
  custom:container-demuxer-webm: 4f35f7cbe854078d1ac9338744f61a02 -> 
  custom:container-demuxer-ogg: 62fdf1f143b41e24485cea50d1cbac27 -> 
  custom:video-encoder-webm-vp8: eb34c28f22e8b96e1ab97ce403110664 -> 
  custom:video-codec-MediaFoundation-h265: 746d11721c4dcdbdad8f713fa42b33f4 -> 
  custom:video-decoder-webm-vp8: 9c59270c3fd7afecdb556c50c9e8de78 -> 
  custom:audio-decoder-ogg-vorbis: bf7c407c2cedff20999df2af8eb42d56 -> 
  custom:audio-encoder-webm-vorbis: bf7c407c2cedff20999df2af8eb42d56 -> 
========================================================================
Received Prepare
Registering precompiled user dll's ...
Registered in 0.003440 seconds.
Begin MonoManager ReloadAssembly
Native extension for WindowsStandalone target not found
Refreshing native plugins compatible for Editor in 0.32 ms, found 2 plugins.
Preloading 0 native plugins for Editor in 0.00 ms.
Invalid AssetDatabase path: /Editor/EditorResources/cm_logo_sm.png. Use path relative to the project folder.
UnityEngine.StackTraceUtility:ExtractStackTrace ()
UnityEditor.AssetDatabase:LoadAssetAtPath<UnityEngine.Texture2D> (string)
Cinemachine.Editor.CinemachineSettings:get_CinemachineLogoTexture () (at Library/PackageCache/com.unity.cinemachine@2.6.11/Editor/Windows/CinemachineSettings.cs:205)
Cinemachine.Editor.CinemachineSettings:.cctor () (at Library/PackageCache/com.unity.cinemachine@2.6.11/Editor/Windows/CinemachineSettings.cs:237)
Cinemachine.CinemachineColliderPrefs:.cctor () (at Library/PackageCache/com.unity.cinemachine@2.6.11/Editor/Windows/CinemachineColliderPrefs.cs:61)
System.Runtime.CompilerServices.RuntimeHelpers:RunClassConstructor (System.RuntimeTypeHandle)
UnityEditor.EditorAssemblies:ProcessInitializeOnLoadAttributes (System.Type[])

[Library/PackageCache/com.unity.cinemachine@2.6.11/Editor/Windows/CinemachineSettings.cs line 205]

Mono: successfully reloaded assembly
- Completed reload, in  1.046 seconds
Platform modules already initialized, skipping
Refreshing native plugins compatible for Editor in 0.32 ms, found 2 plugins.
Preloading 0 native plugins for Editor in 0.00 ms.
Unloading 1547 Unused Serialized files (Serialized files now loaded: 0)
System memory in use before: 71.7 MB.
System memory in use after: 71.1 MB.

Unloading 28 unused Assets to reduce memory usage. Loaded Objects now: 1978.
Total: 2.367100 ms (FindLiveObjects: 0.159200 ms CreateObjectMapping: 0.047400 ms MarkObjects: 1.793900 ms  DeleteObjects: 0.365700 ms)

AssetImportParameters requested are different than current active one (requested -> active):
  custom:framework-win-MediaFoundation: 216162199b28c13a410421893ffa2e32 -> 
  custom:video-decoder-ogg-theora: a1e56fd34408186e4bbccfd4996cb3dc -> 
  custom:container-muxer-webm: aa71ff27fc2769a1b78a27578f13a17b -> 
  custom:container-demuxer-webm: 4f35f7cbe854078d1ac9338744f61a02 -> 
  custom:container-demuxer-ogg: 62fdf1f143b41e24485cea50d1cbac27 -> 
  custom:video-encoder-webm-vp8: eb34c28f22e8b96e1ab97ce403110664 -> 
  custom:video-codec-MediaFoundation-h265: 746d11721c4dcdbdad8f713fa42b33f4 -> 
  custom:video-decoder-webm-vp8: 9c59270c3fd7afecdb556c50c9e8de78 -> 
  custom:audio-decoder-ogg-vorbis: bf7c407c2cedff20999df2af8eb42d56 -> 
  custom:audio-encoder-webm-vorbis: bf7c407c2cedff20999df2af8eb42d56 -> 
========================================================================
Received Import Request.
  Time since last request: 848.252255 seconds.
  path: Assets/_TerrainAutoUpgrade/layer_proto_35cf3da06f5211986.terrainlayer
  artifactKey: Guid(5aba6f588404de8408925249f374c17c) Importer(815301076,1909f56bfc062723c751e8b465ee728b)
Start importing Assets/_TerrainAutoUpgrade/layer_proto_35cf3da06f5211986.terrainlayer using Guid(5aba6f588404de8408925249f374c17c) Importer(815301076,1909f56bfc062723c751e8b465ee728b)  -> (artifact id: 'f399211e4e9c6ac2f6731a2c717db634') in 0.116331 seconds 
  Import took 0.119811 seconds .

========================================================================
Received Import Request.
  Time since last request: 0.000273 seconds.
  path: Assets/DigitalKonstrukt/Prototyping_Pack_Free/Resources/Textures/proto_3.png
  artifactKey: Guid(2807688b9d7782c48b64d3ad546e6f16) Importer(815301076,1909f56bfc062723c751e8b465ee728b)
Start importing Assets/DigitalKonstrukt/Prototyping_Pack_Free/Resources/Textures/proto_3.png using Guid(2807688b9d7782c48b64d3ad546e6f16) Importer(815301076,1909f56bfc062723c751e8b465ee728b)  -> (artifact id: '29887397357f4dbf5b593112920132bb') in 0.239961 seconds 
  Import took 0.243640 seconds .

========================================================================
Received Import Request.
  Time since last request: 5.517965 seconds.
  path: Assets/DigitalKonstrukt/Prototyping_Pack_Free/Demo
  artifactKey: Guid(7ed71ee299d728c4eb5ee2775958ba9a) Importer(815301076,1909f56bfc062723c751e8b465ee728b)
Start importing Assets/DigitalKonstrukt/Prototyping_Pack_Free/Demo using Guid(7ed71ee299d728c4eb5ee2775958ba9a) Importer(815301076,1909f56bfc062723c751e8b465ee728b)  -> (artifact id: '1f71a6ebce8816161d889540c90b96d1') in 0.008500 seconds 
  Import took 0.011555 seconds .

========================================================================
Received Import Request.
  Time since last request: 1.819087 seconds.
  path: Assets/DigitalKonstrukt/Prototyping_Pack_Free/Demo/Demo_TexturesSettings.lighting
  artifactKey: Guid(07be4aae9684d3642a6585261c813025) Importer(815301076,1909f56bfc062723c751e8b465ee728b)
Start importing Assets/DigitalKonstrukt/Prototyping_Pack_Free/Demo/Demo_TexturesSettings.lighting using Guid(07be4aae9684d3642a6585261c813025) Importer(815301076,1909f56bfc062723c751e8b465ee728b) LightingSettings: switching bake backend from 1 to 0.
 -> (artifact id: 'b2f8228affa163d06107eab4d32e8c2b') in 0.009337 seconds 
  Import took 0.012155 seconds .

========================================================================
Received Import Request.
  Time since last request: 0.005733 seconds.
  path: Assets/DigitalKonstrukt/Prototyping_Pack_Free/Demo/Demo_TexturesSettings.lighting
  artifactKey: Guid(07be4aae9684d3642a6585261c813025) Importer(815301076,1909f56bfc062723c751e8b465ee728b)
Start importing Assets/DigitalKonstrukt/Prototyping_Pack_Free/Demo/Demo_TexturesSettings.lighting using Guid(07be4aae9684d3642a6585261c813025) Importer(815301076,1909f56bfc062723c751e8b465ee728b) LightingSettings: switching bake backend from 1 to 0.
 -> (artifact id: 'b2f8228affa163d06107eab4d32e8c2b') in 0.003897 seconds 
  Import took 0.006801 seconds .

========================================================================
Received Import Request.
  Time since last request: 0.392842 seconds.
  path: Assets/DigitalKonstrukt/Prototyping_Pack_Free/Demo/Demo.unity
  artifactKey: Guid(ea6cfdefc85f92f4db065e17f7db5c7a) Importer(815301076,1909f56bfc062723c751e8b465ee728b)
Start importing Assets/DigitalKonstrukt/Prototyping_Pack_Free/Demo/Demo.unity using Guid(ea6cfdefc85f92f4db065e17f7db5c7a) Importer(815301076,1909f56bfc062723c751e8b465ee728b)  -> (artifact id: '8ae1fe53beb15010fa7f796a5da1d56b') in 0.009170 seconds 
  Import took 0.012753 seconds .

========================================================================
Received Import Request.
  Time since last request: 0.001020 seconds.
  path: Assets/DigitalKonstrukt/Prototyping_Pack_Free/Demo/Demo.unity
  artifactKey: Guid(ea6cfdefc85f92f4db065e17f7db5c7a) Importer(815301076,1909f56bfc062723c751e8b465ee728b)
Start importing Assets/DigitalKonstrukt/Prototyping_Pack_Free/Demo/Demo.unity using Guid(ea6cfdefc85f92f4db065e17f7db5c7a) Importer(815301076,1909f56bfc062723c751e8b465ee728b)  -> (artifact id: '8ae1fe53beb15010fa7f796a5da1d56b') in 0.004061 seconds 
  Import took 0.007631 seconds .

========================================================================
Received Import Request.
  Time since last request: 0.387223 seconds.
  path: Assets/DigitalKonstrukt/Prototyping_Pack_Free/Demo/Demo_Textures.unity
  artifactKey: Guid(c14720afdc95eb248b057ec90ac38651) Importer(815301076,1909f56bfc062723c751e8b465ee728b)
Start importing Assets/DigitalKonstrukt/Prototyping_Pack_Free/Demo/Demo_Textures.unity using Guid(c14720afdc95eb248b057ec90ac38651) Importer(815301076,1909f56bfc062723c751e8b465ee728b)  -> (artifact id: '7065fe7c23ba1000c20ee44593ffac30') in 0.008126 seconds 
  Import took 0.011534 seconds .

========================================================================
Received Import Request.
  Time since last request: 0.864272 seconds.
  path: Assets/DigitalKonstrukt/Prototyping_Pack_Free/Demo/DemoSettings.lighting
  artifactKey: Guid(ef9a9d8c0296952468403336950c32c6) Importer(815301076,1909f56bfc062723c751e8b465ee728b)
Start importing Assets/DigitalKonstrukt/Prototyping_Pack_Free/Demo/DemoSettings.lighting using Guid(ef9a9d8c0296952468403336950c32c6) Importer(815301076,1909f56bfc062723c751e8b465ee728b) LightingSettings: switching bake backend from 1 to 0.
 -> (artifact id: '4dfb4f955ae02b045d46f25c649ff802') in 0.008851 seconds 
  Import took 0.011910 seconds .

========================================================================
Received Import Request.
  Time since last request: 0.000917 seconds.
  path: Assets/DigitalKonstrukt/Prototyping_Pack_Free/Demo/DemoSettings.lighting
  artifactKey: Guid(ef9a9d8c0296952468403336950c32c6) Importer(815301076,1909f56bfc062723c751e8b465ee728b)
Start importing Assets/DigitalKonstrukt/Prototyping_Pack_Free/Demo/DemoSettings.lighting using Guid(ef9a9d8c0296952468403336950c32c6) Importer(815301076,1909f56bfc062723c751e8b465ee728b) LightingSettings: switching bake backend from 1 to 0.
 -> (artifact id: '4dfb4f955ae02b045d46f25c649ff802') in 0.004499 seconds 
  Import took 0.008319 seconds .

========================================================================
Received Import Request.
  Time since last request: 7.718432 seconds.
  path: Assets/DigitalKonstrukt/Prototyping_Pack_Free/Demo/New Terrain 1.asset
  artifactKey: Guid(100162f69dfa99f4a9114658ab5543df) Importer(815301076,1909f56bfc062723c751e8b465ee728b)
Start importing Assets/DigitalKonstrukt/Prototyping_Pack_Free/Demo/New Terrain 1.asset using Guid(100162f69dfa99f4a9114658ab5543df) Importer(815301076,1909f56bfc062723c751e8b465ee728b)  -> (artifact id: '042ce31741e53ed2dc76b7a3d9fa3145') in 0.153520 seconds 
  Import took 0.156763 seconds .

========================================================================
Received Import Request.
  Time since last request: 5.199655 seconds.
  path: Assets/DigitalKonstrukt/Prototyping_Pack_Free/Demo/Demo
  artifactKey: Guid(2f8a9567cef5bd8418e95e9b2bf2c706) Importer(815301076,1909f56bfc062723c751e8b465ee728b)
Start importing Assets/DigitalKonstrukt/Prototyping_Pack_Free/Demo/Demo using Guid(2f8a9567cef5bd8418e95e9b2bf2c706) Importer(815301076,1909f56bfc062723c751e8b465ee728b)  -> (artifact id: 'bf3b011f5590d4556cd623cfd1b48a97') in 0.003920 seconds 
  Import took 0.006879 seconds .

========================================================================
Received Import Request.
  Time since last request: 68.804027 seconds.
  path: Assets/DigitalKonstrukt/Prototyping_Pack_Free/Demo/Demo/LightingData.asset
  artifactKey: Guid(63e7f6cb6d36c114b8ed3f8a0abc6f87) Importer(815301076,1909f56bfc062723c751e8b465ee728b)
Start importing Assets/DigitalKonstrukt/Prototyping_Pack_Free/Demo/Demo/LightingData.asset using Guid(63e7f6cb6d36c114b8ed3f8a0abc6f87) Importer(815301076,1909f56bfc062723c751e8b465ee728b) Lighting data asset ‘LightingData’ is inconsistent because 8 files out of 40 are missing.  Please use Generate Lighting to rebuild the lighting data.

Lighting data asset ‘LightingData’ is incompatible with the current Unity version. Please use Generate Lighting to rebuild the lighting data.  Realtime Global Illumination cannot be used until the lighting data is rebuilt.

 -> (artifact id: '7b298c62b2776f7bbd275a3e1b6a5f30') in 0.027824 seconds 
  Import took 0.030647 seconds .

========================================================================
Received Import Request.
  Time since last request: 2.162811 seconds.
  path: Assets/DigitalKonstrukt/Prototyping_Pack_Free/Demo/Demo/ReflectionProbe-0.exr
  artifactKey: Guid(6f58db0d05237bd4d9b66678eee81f19) Importer(815301076,1909f56bfc062723c751e8b465ee728b)
Start importing Assets/DigitalKonstrukt/Prototyping_Pack_Free/Demo/Demo/ReflectionProbe-0.exr using Guid(6f58db0d05237bd4d9b66678eee81f19) Importer(815301076,1909f56bfc062723c751e8b465ee728b)  -> (artifact id: '6fad7674dbb53ae0e9a870f5473ad7dd') in 0.110167 seconds 
  Import took 0.113315 seconds .

========================================================================
Received Prepare
Registering precompiled user dll's ...
Registered in 0.057619 seconds.
Begin MonoManager ReloadAssembly
Native extension for WindowsStandalone target not found
Refreshing native plugins compatible for Editor in 0.39 ms, found 2 plugins.
Preloading 0 native plugins for Editor in 0.00 ms.
[ScriptCompilation] NOT recompiling all scripts because this is an import worker process. Reason to compile was: Define symbols changed
NullReferenceException: Object reference not set to an instance of an object
  at StarterAssets.PackageChecker.CheckPackage () [0x001c2] in D:\Unity\My projects\Elevator\Assets\StarterAssets\Editor\PackageChecker\PackageChecker.cs:105 

(Filename: Assets/StarterAssets/Editor/PackageChecker/PackageChecker.cs Line: 105)

Mono: successfully reloaded assembly
- Completed reload, in  1.164 seconds
Platform modules already initialized, skipping
Refreshing native plugins compatible for Editor in 0.40 ms, found 2 plugins.
Preloading 0 native plugins for Editor in 0.00 ms.
Unloading 1565 Unused Serialized files (Serialized files now loaded: 0)
System memory in use before: 78.9 MB.
System memory in use after: 76.9 MB.

Unloading 33 unused Assets to reduce memory usage. Loaded Objects now: 2032.
Total: 3.983000 ms (FindLiveObjects: 0.261600 ms CreateObjectMapping: 0.062500 ms MarkObjects: 2.229300 ms  DeleteObjects: 1.428300 ms)

AssetImportParameters requested are different than current active one (requested -> active):
  custom:framework-win-MediaFoundation: 216162199b28c13a410421893ffa2e32 -> 
  custom:video-decoder-ogg-theora: a1e56fd34408186e4bbccfd4996cb3dc -> 
  custom:container-muxer-webm: aa71ff27fc2769a1b78a27578f13a17b -> 
  custom:container-demuxer-webm: 4f35f7cbe854078d1ac9338744f61a02 -> 
  custom:container-demuxer-ogg: 62fdf1f143b41e24485cea50d1cbac27 -> 
  custom:video-encoder-webm-vp8: eb34c28f22e8b96e1ab97ce403110664 -> 
  custom:video-codec-MediaFoundation-h265: 746d11721c4dcdbdad8f713fa42b33f4 -> 
  custom:video-decoder-webm-vp8: 9c59270c3fd7afecdb556c50c9e8de78 -> 
  custom:audio-decoder-ogg-vorbis: bf7c407c2cedff20999df2af8eb42d56 -> 
  custom:audio-encoder-webm-vorbis: bf7c407c2cedff20999df2af8eb42d56 -> 
========================================================================
Received Prepare
Registering precompiled user dll's ...
Registered in 0.003978 seconds.
Begin MonoManager ReloadAssembly
Native extension for WindowsStandalone target not found
Refreshing native plugins compatible for Editor in 0.43 ms, found 2 plugins.
Preloading 0 native plugins for Editor in 0.00 ms.
Mono: successfully reloaded assembly
- Completed reload, in  0.895 seconds
Platform modules already initialized, skipping
Refreshing native plugins compatible for Editor in 0.45 ms, found 2 plugins.
Preloading 0 native plugins for Editor in 0.00 ms.
Unloading 1859 Unused Serialized files (Serialized files now loaded: 0)
System memory in use before: 87.3 MB.
System memory in use after: 85.8 MB.

Unloading 29 unused Assets to reduce memory usage. Loaded Objects now: 2327.
Total: 3.090100 ms (FindLiveObjects: 0.196800 ms CreateObjectMapping: 0.064200 ms MarkObjects: 1.756900 ms  DeleteObjects: 1.071300 ms)

AssetImportParameters requested are different than current active one (requested -> active):
  custom:framework-win-MediaFoundation: 216162199b28c13a410421893ffa2e32 -> 
  custom:video-decoder-ogg-theora: a1e56fd34408186e4bbccfd4996cb3dc -> 
  custom:container-muxer-webm: aa71ff27fc2769a1b78a27578f13a17b -> 
  custom:container-demuxer-webm: 4f35f7cbe854078d1ac9338744f61a02 -> 
  custom:container-demuxer-ogg: 62fdf1f143b41e24485cea50d1cbac27 -> 
  custom:video-encoder-webm-vp8: eb34c28f22e8b96e1ab97ce403110664 -> 
  custom:video-codec-MediaFoundation-h265: 746d11721c4dcdbdad8f713fa42b33f4 -> 
  custom:video-decoder-webm-vp8: 9c59270c3fd7afecdb556c50c9e8de78 -> 
  custom:audio-decoder-ogg-vorbis: bf7c407c2cedff20999df2af8eb42d56 -> 
  custom:audio-encoder-webm-vorbis: bf7c407c2cedff20999df2af8eb42d56 -> 
AssetImportWorkerClient::OnTransportError - code=2 error=End of file
